Copyright 1986-2022 Xilinx, Inc. All Rights Reserved. Copyright 2022-2023 Advanced Micro Devices, Inc. All Rights Reserved.
---------------------------------------------------------------------------------------------------------------------------------------------------------------------------------------------------------------------
| Tool Version : Vivado v.2023.2 (win64) Build 4029153 Fri Oct 13 20:14:34 MDT 2023
| Date         : Tue May 21 17:35:04 2024
| Host         : DESKTOP-QVN4KUM running 64-bit major release  (build 9200)
| Command      : report_timing_summary -max_paths 10 -report_unconstrained -file bin2led7_timing_summary_routed.rpt -pb bin2led7_timing_summary_routed.pb -rpx bin2led7_timing_summary_routed.rpx -warn_on_violation
| Design       : bin2led7
| Device       : 7z020-clg400
| Speed File   : -1  PRODUCTION 1.12 2019-11-22
| Design State : Routed
---------------------------------------------------------------------------------------------------------------------------------------------------------------------------------------------------------------------

Timing Summary Report

------------------------------------------------------------------------------------------------
| Timer Settings
| --------------
------------------------------------------------------------------------------------------------

  Enable Multi Corner Analysis               :  Yes
  Enable Pessimism Removal                   :  Yes
  Pessimism Removal Resolution               :  Nearest Common Node
  Enable Input Delay Default Clock           :  No
  Enable Preset / Clear Arcs                 :  No
  Disable Flight Delays                      :  No
  Ignore I/O Paths                           :  No
  Timing Early Launch at Borrowing Latches   :  No
  Borrow Time for Max Delay Exceptions       :  Yes
  Merge Timing Exceptions                    :  Yes
  Inter-SLR Compensation                     :  Conservative

  Corner  Analyze    Analyze    
  Name    Max Paths  Min Paths  
  ------  ---------  ---------  
  Slow    Yes        Yes        
  Fast    Yes        Yes        


------------------------------------------------------------------------------------------------
| Report Methodology
| ------------------
------------------------------------------------------------------------------------------------

No report available as report_methodology has not been run prior. Run report_methodology on the current design for the summary of methodology violations.



check_timing report

Table of Contents
-----------------
1. checking no_clock (0)
2. checking constant_clock (0)
3. checking pulse_width_clock (0)
4. checking unconstrained_internal_endpoints (0)
5. checking no_input_delay (0)
6. checking no_output_delay (0)
7. checking multiple_clock (0)
8. checking generated_clocks (0)
9. checking loops (0)
10. checking partial_input_delay (0)
11. checking partial_output_delay (0)
12. checking latch_loops (0)

1. checking no_clock (0)
------------------------
 There are 0 register/latch pins with no clock.


2. checking constant_clock (0)
------------------------------
 There are 0 register/latch pins with constant_clock.


3. checking pulse_width_clock (0)
---------------------------------
 There are 0 register/latch pins which need pulse_width check


4. checking unconstrained_internal_endpoints (0)
------------------------------------------------
 There are 0 pins that are not constrained for maximum delay.

 There are 0 pins that are not constrained for maximum delay due to constant clock.


5. checking no_input_delay (0)
------------------------------
 There are 0 input ports with no input delay specified.

 There are 0 input ports with no input delay but user has a false path constraint.


6. checking no_output_delay (0)
-------------------------------
 There are 0 ports with no output delay specified.

 There are 0 ports with no output delay but user has a false path constraint

 There are 0 ports with no output delay but with a timing clock defined on it or propagating through it


7. checking multiple_clock (0)
------------------------------
 There are 0 register/latch pins with multiple clocks.


8. checking generated_clocks (0)
--------------------------------
 There are 0 generated clocks that are not connected to a clock source.


9. checking loops (0)
---------------------
 There are 0 combinational loops in the design.


10. checking partial_input_delay (0)
------------------------------------
 There are 0 input ports with partial input delay specified.


11. checking partial_output_delay (0)
-------------------------------------
 There are 0 ports with partial output delay specified.


12. checking latch_loops (0)
----------------------------
 There are 0 combinational latch loops in the design through latch input



------------------------------------------------------------------------------------------------
| Design Timing Summary
| ---------------------
------------------------------------------------------------------------------------------------

    WNS(ns)      TNS(ns)  TNS Failing Endpoints  TNS Total Endpoints      WHS(ns)      THS(ns)  THS Failing Endpoints  THS Total Endpoints     WPWS(ns)     TPWS(ns)  TPWS Failing Endpoints  TPWS Total Endpoints  
    -------      -------  ---------------------  -------------------      -------      -------  ---------------------  -------------------     --------     --------  ----------------------  --------------------  
        inf        0.000                      0                    7          inf        0.000                      0                    7           NA           NA                      NA                    NA  


There are no user specified timing constraints.


------------------------------------------------------------------------------------------------
| Clock Summary
| -------------
------------------------------------------------------------------------------------------------


------------------------------------------------------------------------------------------------
| Intra Clock Table
| -----------------
------------------------------------------------------------------------------------------------

Clock             WNS(ns)      TNS(ns)  TNS Failing Endpoints  TNS Total Endpoints      WHS(ns)      THS(ns)  THS Failing Endpoints  THS Total Endpoints     WPWS(ns)     TPWS(ns)  TPWS Failing Endpoints  TPWS Total Endpoints  
-----             -------      -------  ---------------------  -------------------      -------      -------  ---------------------  -------------------     --------     --------  ----------------------  --------------------  


------------------------------------------------------------------------------------------------
| Inter Clock Table
| -----------------
------------------------------------------------------------------------------------------------

From Clock    To Clock          WNS(ns)      TNS(ns)  TNS Failing Endpoints  TNS Total Endpoints      WHS(ns)      THS(ns)  THS Failing Endpoints  THS Total Endpoints  
----------    --------          -------      -------  ---------------------  -------------------      -------      -------  ---------------------  -------------------  


------------------------------------------------------------------------------------------------
| Other Path Groups Table
| -----------------------
------------------------------------------------------------------------------------------------

Path Group    From Clock    To Clock          WNS(ns)      TNS(ns)  TNS Failing Endpoints  TNS Total Endpoints      WHS(ns)      THS(ns)  THS Failing Endpoints  THS Total Endpoints  
----------    ----------    --------          -------      -------  ---------------------  -------------------      -------      -------  ---------------------  -------------------  


------------------------------------------------------------------------------------------------
| User Ignored Path Table
| -----------------------
------------------------------------------------------------------------------------------------

Path Group    From Clock    To Clock    
----------    ----------    --------    


------------------------------------------------------------------------------------------------
| Unconstrained Path Table
| ------------------------
------------------------------------------------------------------------------------------------

Path Group    From Clock    To Clock    
----------    ----------    --------    
(none)                                    


------------------------------------------------------------------------------------------------
| Timing Details
| --------------
------------------------------------------------------------------------------------------------


--------------------------------------------------------------------------------------
Path Group:  (none)
From Clock:  
  To Clock:  

Max Delay             7 Endpoints
Min Delay             7 Endpoints
--------------------------------------------------------------------------------------


Max Delay Paths
--------------------------------------------------------------------------------------
Slack:                    inf
  Source:                 bin_in[1]
                            (input port)
  Destination:            led_out[4]
                            (output port)
  Path Group:             (none)
  Path Type:              Max at Slow Process Corner
  Data Path Delay:        14.669ns  (logic 5.108ns (34.823%)  route 9.561ns (65.177%))
  Logic Levels:           3  (IBUF=1 LUT5=1 OBUF=1)

    Location             Delay type                Incr(ns)  Path(ns)    Netlist Resource(s)
  -------------------------------------------------------------------    -------------------
    D20                                               0.000     0.000 r  bin_in[1] (IN)
                         net (fo=0)                   0.000     0.000    bin_in[1]
    D20                  IBUF (Prop_ibuf_I_O)         1.464     1.464 r  bin_in_IBUF[1]_inst/O
                         net (fo=7, routed)           6.840     8.304    bin_in_IBUF[1]
    SLICE_X0Y37          LUT5 (Prop_lut5_I2_O)        0.124     8.428 r  led_out_OBUF[4]_inst_i_1/O
                         net (fo=1, routed)           2.721    11.149    led_out_OBUF[4]
    V6                   OBUF (Prop_obuf_I_O)         3.520    14.669 r  led_out_OBUF[4]_inst/O
                         net (fo=0)                   0.000    14.669    led_out[4]
    V6                                                                r  led_out[4] (OUT)
  -------------------------------------------------------------------    -------------------

Slack:                    inf
  Source:                 bin_in[1]
                            (input port)
  Destination:            led_out[6]
                            (output port)
  Path Group:             (none)
  Path Type:              Max at Slow Process Corner
  Data Path Delay:        14.619ns  (logic 5.100ns (34.890%)  route 9.518ns (65.110%))
  Logic Levels:           3  (IBUF=1 LUT5=1 OBUF=1)

    Location             Delay type                Incr(ns)  Path(ns)    Netlist Resource(s)
  -------------------------------------------------------------------    -------------------
    D20                                               0.000     0.000 r  bin_in[1] (IN)
                         net (fo=0)                   0.000     0.000    bin_in[1]
    D20                  IBUF (Prop_ibuf_I_O)         1.464     1.464 r  bin_in_IBUF[1]_inst/O
                         net (fo=7, routed)           6.859     8.323    bin_in_IBUF[1]
    SLICE_X0Y37          LUT5 (Prop_lut5_I1_O)        0.124     8.447 r  led_out_OBUF[6]_inst_i_1/O
                         net (fo=1, routed)           2.660    11.106    led_out_OBUF[6]
    U5                   OBUF (Prop_obuf_I_O)         3.513    14.619 r  led_out_OBUF[6]_inst/O
                         net (fo=0)                   0.000    14.619    led_out[6]
    U5                                                                r  led_out[6] (OUT)
  -------------------------------------------------------------------    -------------------

Slack:                    inf
  Source:                 bin_in[1]
                            (input port)
  Destination:            led_out[0]
                            (output port)
  Path Group:             (none)
  Path Type:              Max at Slow Process Corner
  Data Path Delay:        14.585ns  (logic 5.436ns (37.270%)  route 9.149ns (62.730%))
  Logic Levels:           3  (IBUF=1 LUT5=1 OBUF=1)

    Location             Delay type                Incr(ns)  Path(ns)    Netlist Resource(s)
  -------------------------------------------------------------------    -------------------
    D20                                               0.000     0.000 r  bin_in[1] (IN)
                         net (fo=0)                   0.000     0.000    bin_in[1]
    D20                  IBUF (Prop_ibuf_I_O)         1.464     1.464 r  bin_in_IBUF[1]_inst/O
                         net (fo=7, routed)           6.831     8.295    bin_in_IBUF[1]
    SLICE_X0Y37          LUT5 (Prop_lut5_I2_O)        0.146     8.441 r  led_out_OBUF[0]_inst_i_1/O
                         net (fo=1, routed)           2.318    10.759    led_out_OBUF[0]
    V8                   OBUF (Prop_obuf_I_O)         3.826    14.585 r  led_out_OBUF[0]_inst/O
                         net (fo=0)                   0.000    14.585    led_out[0]
    V8                                                                r  led_out[0] (OUT)
  -------------------------------------------------------------------    -------------------

Slack:                    inf
  Source:                 bin_in[1]
                            (input port)
  Destination:            led_out[1]
                            (output port)
  Path Group:             (none)
  Path Type:              Max at Slow Process Corner
  Data Path Delay:        14.503ns  (logic 5.162ns (35.590%)  route 9.341ns (64.410%))
  Logic Levels:           3  (IBUF=1 LUT5=1 OBUF=1)

    Location             Delay type                Incr(ns)  Path(ns)    Netlist Resource(s)
  -------------------------------------------------------------------    -------------------
    D20                                               0.000     0.000 r  bin_in[1] (IN)
                         net (fo=0)                   0.000     0.000    bin_in[1]
    D20                  IBUF (Prop_ibuf_I_O)         1.464     1.464 r  bin_in_IBUF[1]_inst/O
                         net (fo=7, routed)           6.831     8.295    bin_in_IBUF[1]
    SLICE_X0Y37          LUT5 (Prop_lut5_I1_O)        0.124     8.419 r  led_out_OBUF[1]_inst_i_1/O
                         net (fo=1, routed)           2.510    10.929    led_out_OBUF[1]
    U8                   OBUF (Prop_obuf_I_O)         3.574    14.503 r  led_out_OBUF[1]_inst/O
                         net (fo=0)                   0.000    14.503    led_out[1]
    U8                                                                r  led_out[1] (OUT)
  -------------------------------------------------------------------    -------------------

Slack:                    inf
  Source:                 bin_in[1]
                            (input port)
  Destination:            led_out[3]
                            (output port)
  Path Group:             (none)
  Path Type:              Max at Slow Process Corner
  Data Path Delay:        13.962ns  (logic 5.433ns (38.913%)  route 8.529ns (61.087%))
  Logic Levels:           3  (IBUF=1 LUT5=1 OBUF=1)

    Location             Delay type                Incr(ns)  Path(ns)    Netlist Resource(s)
  -------------------------------------------------------------------    -------------------
    D20                                               0.000     0.000 r  bin_in[1] (IN)
                         net (fo=0)                   0.000     0.000    bin_in[1]
    D20                  IBUF (Prop_ibuf_I_O)         1.464     1.464 r  bin_in_IBUF[1]_inst/O
                         net (fo=7, routed)           6.456     7.920    bin_in_IBUF[1]
    SLICE_X0Y37          LUT5 (Prop_lut5_I1_O)        0.117     8.037 r  led_out_OBUF[3]_inst_i_1/O
                         net (fo=1, routed)           2.074    10.110    led_out_OBUF[3]
    U7                   OBUF (Prop_obuf_I_O)         3.852    13.962 r  led_out_OBUF[3]_inst/O
                         net (fo=0)                   0.000    13.962    led_out[3]
    U7                                                                r  led_out[3] (OUT)
  -------------------------------------------------------------------    -------------------

Slack:                    inf
  Source:                 bin_in[1]
                            (input port)
  Destination:            led_out[5]
                            (output port)
  Path Group:             (none)
  Path Type:              Max at Slow Process Corner
  Data Path Delay:        13.736ns  (logic 5.363ns (39.046%)  route 8.373ns (60.954%))
  Logic Levels:           3  (IBUF=1 LUT5=1 OBUF=1)

    Location             Delay type                Incr(ns)  Path(ns)    Netlist Resource(s)
  -------------------------------------------------------------------    -------------------
    D20                                               0.000     0.000 r  bin_in[1] (IN)
                         net (fo=0)                   0.000     0.000    bin_in[1]
    D20                  IBUF (Prop_ibuf_I_O)         1.464     1.464 r  bin_in_IBUF[1]_inst/O
                         net (fo=7, routed)           6.840     8.304    bin_in_IBUF[1]
    SLICE_X0Y37          LUT5 (Prop_lut5_I4_O)        0.153     8.457 r  led_out_OBUF[5]_inst_i_1/O
                         net (fo=1, routed)           1.533     9.990    led_out_OBUF[5]
    V5                   OBUF (Prop_obuf_I_O)         3.746    13.736 r  led_out_OBUF[5]_inst/O
                         net (fo=0)                   0.000    13.736    led_out[5]
    V5                                                                r  led_out[5] (OUT)
  -------------------------------------------------------------------    -------------------

Slack:                    inf
  Source:                 bin_in[1]
                            (input port)
  Destination:            led_out[2]
                            (output port)
  Path Group:             (none)
  Path Type:              Max at Slow Process Corner
  Data Path Delay:        13.732ns  (logic 5.209ns (37.933%)  route 8.523ns (62.067%))
  Logic Levels:           3  (IBUF=1 LUT5=1 OBUF=1)

    Location             Delay type                Incr(ns)  Path(ns)    Netlist Resource(s)
  -------------------------------------------------------------------    -------------------
    D20                                               0.000     0.000 f  bin_in[1] (IN)
                         net (fo=0)                   0.000     0.000    bin_in[1]
    D20                  IBUF (Prop_ibuf_I_O)         1.464     1.464 f  bin_in_IBUF[1]_inst/O
                         net (fo=7, routed)           6.456     7.920    bin_in_IBUF[1]
    SLICE_X0Y37          LUT5 (Prop_lut5_I4_O)        0.124     8.044 r  led_out_OBUF[2]_inst_i_1/O
                         net (fo=1, routed)           2.067    10.111    led_out_OBUF[2]
    V7                   OBUF (Prop_obuf_I_O)         3.621    13.732 r  led_out_OBUF[2]_inst/O
                         net (fo=0)                   0.000    13.732    led_out[2]
    V7                                                                r  led_out[2] (OUT)
  -------------------------------------------------------------------    -------------------





Min Delay Paths
--------------------------------------------------------------------------------------
Slack:                    inf
  Source:                 enable
                            (input port)
  Destination:            led_out[5]
                            (output port)
  Path Group:             (none)
  Path Type:              Min at Fast Process Corner
  Data Path Delay:        4.497ns  (logic 1.663ns (36.976%)  route 2.834ns (63.024%))
  Logic Levels:           3  (IBUF=1 LUT5=1 OBUF=1)

    Location             Delay type                Incr(ns)  Path(ns)    Netlist Resource(s)
  -------------------------------------------------------------------    -------------------
    M20                                               0.000     0.000 f  enable (IN)
                         net (fo=0)                   0.000     0.000    enable
    M20                  IBUF (Prop_ibuf_I_O)         0.309     0.309 f  enable_IBUF_inst/O
                         net (fo=7, routed)           2.548     2.858    enable_IBUF
    SLICE_X0Y37          LUT5 (Prop_lut5_I2_O)        0.045     2.903 r  led_out_OBUF[5]_inst_i_1/O
                         net (fo=1, routed)           0.286     3.189    led_out_OBUF[5]
    V5                   OBUF (Prop_obuf_I_O)         1.308     4.497 r  led_out_OBUF[5]_inst/O
                         net (fo=0)                   0.000     4.497    led_out[5]
    V5                                                                r  led_out[5] (OUT)
  -------------------------------------------------------------------    -------------------

Slack:                    inf
  Source:                 enable
                            (input port)
  Destination:            led_out[2]
                            (output port)
  Path Group:             (none)
  Path Type:              Min at Fast Process Corner
  Data Path Delay:        4.576ns  (logic 1.675ns (36.611%)  route 2.901ns (63.389%))
  Logic Levels:           3  (IBUF=1 LUT5=1 OBUF=1)

    Location             Delay type                Incr(ns)  Path(ns)    Netlist Resource(s)
  -------------------------------------------------------------------    -------------------
    M20                                               0.000     0.000 f  enable (IN)
                         net (fo=0)                   0.000     0.000    enable
    M20                  IBUF (Prop_ibuf_I_O)         0.309     0.309 f  enable_IBUF_inst/O
                         net (fo=7, routed)           2.407     2.716    enable_IBUF
    SLICE_X0Y37          LUT5 (Prop_lut5_I0_O)        0.045     2.761 r  led_out_OBUF[2]_inst_i_1/O
                         net (fo=1, routed)           0.494     3.255    led_out_OBUF[2]
    V7                   OBUF (Prop_obuf_I_O)         1.321     4.576 r  led_out_OBUF[2]_inst/O
                         net (fo=0)                   0.000     4.576    led_out[2]
    V7                                                                r  led_out[2] (OUT)
  -------------------------------------------------------------------    -------------------

Slack:                    inf
  Source:                 enable
                            (input port)
  Destination:            led_out[3]
                            (output port)
  Path Group:             (none)
  Path Type:              Min at Fast Process Corner
  Data Path Delay:        4.658ns  (logic 1.754ns (37.650%)  route 2.904ns (62.350%))
  Logic Levels:           3  (IBUF=1 LUT5=1 OBUF=1)

    Location             Delay type                Incr(ns)  Path(ns)    Netlist Resource(s)
  -------------------------------------------------------------------    -------------------
    M20                                               0.000     0.000 f  enable (IN)
                         net (fo=0)                   0.000     0.000    enable
    M20                  IBUF (Prop_ibuf_I_O)         0.309     0.309 f  enable_IBUF_inst/O
                         net (fo=7, routed)           2.407     2.716    enable_IBUF
    SLICE_X0Y37          LUT5 (Prop_lut5_I0_O)        0.043     2.759 r  led_out_OBUF[3]_inst_i_1/O
                         net (fo=1, routed)           0.498     3.257    led_out_OBUF[3]
    U7                   OBUF (Prop_obuf_I_O)         1.401     4.658 r  led_out_OBUF[3]_inst/O
                         net (fo=0)                   0.000     4.658    led_out[3]
    U7                                                                r  led_out[3] (OUT)
  -------------------------------------------------------------------    -------------------

Slack:                    inf
  Source:                 enable
                            (input port)
  Destination:            led_out[1]
                            (output port)
  Path Group:             (none)
  Path Type:              Min at Fast Process Corner
  Data Path Delay:        4.789ns  (logic 1.629ns (34.006%)  route 3.160ns (65.994%))
  Logic Levels:           3  (IBUF=1 LUT5=1 OBUF=1)

    Location             Delay type                Incr(ns)  Path(ns)    Netlist Resource(s)
  -------------------------------------------------------------------    -------------------
    M20                                               0.000     0.000 f  enable (IN)
                         net (fo=0)                   0.000     0.000    enable
    M20                  IBUF (Prop_ibuf_I_O)         0.309     0.309 f  enable_IBUF_inst/O
                         net (fo=7, routed)           2.467     2.777    enable_IBUF
    SLICE_X0Y37          LUT5 (Prop_lut5_I0_O)        0.045     2.822 r  led_out_OBUF[1]_inst_i_1/O
                         net (fo=1, routed)           0.693     3.515    led_out_OBUF[1]
    U8                   OBUF (Prop_obuf_I_O)         1.274     4.789 r  led_out_OBUF[1]_inst/O
                         net (fo=0)                   0.000     4.789    led_out[1]
    U8                                                                r  led_out[1] (OUT)
  -------------------------------------------------------------------    -------------------

Slack:                    inf
  Source:                 bin_in[3]
                            (input port)
  Destination:            led_out[6]
                            (output port)
  Path Group:             (none)
  Path Type:              Min at Fast Process Corner
  Data Path Delay:        4.816ns  (logic 1.534ns (31.849%)  route 3.282ns (68.151%))
  Logic Levels:           3  (IBUF=1 LUT5=1 OBUF=1)

    Location             Delay type                Incr(ns)  Path(ns)    Netlist Resource(s)
  -------------------------------------------------------------------    -------------------
    L19                                               0.000     0.000 r  bin_in[3] (IN)
                         net (fo=0)                   0.000     0.000    bin_in[3]
    L19                  IBUF (Prop_ibuf_I_O)         0.275     0.275 r  bin_in_IBUF[3]_inst/O
                         net (fo=7, routed)           2.508     2.783    bin_in_IBUF[3]
    SLICE_X0Y37          LUT5 (Prop_lut5_I4_O)        0.045     2.828 r  led_out_OBUF[6]_inst_i_1/O
                         net (fo=1, routed)           0.774     3.602    led_out_OBUF[6]
    U5                   OBUF (Prop_obuf_I_O)         1.214     4.816 r  led_out_OBUF[6]_inst/O
                         net (fo=0)                   0.000     4.816    led_out[6]
    U5                                                                r  led_out[6] (OUT)
  -------------------------------------------------------------------    -------------------

Slack:                    inf
  Source:                 enable
                            (input port)
  Destination:            led_out[0]
                            (output port)
  Path Group:             (none)
  Path Type:              Min at Fast Process Corner
  Data Path Delay:        4.843ns  (logic 1.743ns (35.999%)  route 3.099ns (64.001%))
  Logic Levels:           3  (IBUF=1 LUT5=1 OBUF=1)

    Location             Delay type                Incr(ns)  Path(ns)    Netlist Resource(s)
  -------------------------------------------------------------------    -------------------
    M20                                               0.000     0.000 f  enable (IN)
                         net (fo=0)                   0.000     0.000    enable
    M20                  IBUF (Prop_ibuf_I_O)         0.309     0.309 f  enable_IBUF_inst/O
                         net (fo=7, routed)           2.467     2.777    enable_IBUF
    SLICE_X0Y37          LUT5 (Prop_lut5_I0_O)        0.046     2.823 r  led_out_OBUF[0]_inst_i_1/O
                         net (fo=1, routed)           0.632     3.455    led_out_OBUF[0]
    V8                   OBUF (Prop_obuf_I_O)         1.388     4.843 r  led_out_OBUF[0]_inst/O
                         net (fo=0)                   0.000     4.843    led_out[0]
    V8                                                                r  led_out[0] (OUT)
  -------------------------------------------------------------------    -------------------

Slack:                    inf
  Source:                 enable
                            (input port)
  Destination:            led_out[4]
                            (output port)
  Path Group:             (none)
  Path Type:              Min at Fast Process Corner
  Data Path Delay:        4.906ns  (logic 1.576ns (32.119%)  route 3.330ns (67.881%))
  Logic Levels:           3  (IBUF=1 LUT5=1 OBUF=1)

    Location             Delay type                Incr(ns)  Path(ns)    Netlist Resource(s)
  -------------------------------------------------------------------    -------------------
    M20                                               0.000     0.000 f  enable (IN)
                         net (fo=0)                   0.000     0.000    enable
    M20                  IBUF (Prop_ibuf_I_O)         0.309     0.309 f  enable_IBUF_inst/O
                         net (fo=7, routed)           2.548     2.858    enable_IBUF
    SLICE_X0Y37          LUT5 (Prop_lut5_I0_O)        0.045     2.903 r  led_out_OBUF[4]_inst_i_1/O
                         net (fo=1, routed)           0.782     3.685    led_out_OBUF[4]
    V6                   OBUF (Prop_obuf_I_O)         1.221     4.906 r  led_out_OBUF[4]_inst/O
                         net (fo=0)                   0.000     4.906    led_out[4]
    V6                                                                r  led_out[4] (OUT)
  -------------------------------------------------------------------    -------------------





