Vivado Simulator v2023.2
Copyright 1986-2022 Xilinx, Inc. All Rights Reserved.
Copyright 2022-2023 Advanced Micro Devices, Inc. All Rights Reserved.
Running: C:/Xilinx/Vivado/2023.2/bin/unwrapped/win64.o/xelab.exe --incr --debug typical --relax --mt 2 -L xil_defaultlib -L unisims_ver -L unimacro_ver -L secureip --snapshot digital_clock_tb_behav xil_defaultlib.digital_clock_tb xil_defaultlib.glbl -log elaborate.log 
Using 2 slave threads.
Starting static elaboration
Pass Through NonSizing Optimizer
Completed static elaboration
Starting simulation data flow analysis
Completed simulation data flow analysis
Time Resolution for simulation is 1ps
Compiling module xil_defaultlib.RisingEdgeDetector
Compiling module xil_defaultlib.control
Compiling module xil_defaultlib.add
Compiling module xil_defaultlib.reset
Compiling module xil_defaultlib.create1hz
Compiling module xil_defaultlib.control_all
Compiling module xil_defaultlib.pause
Compiling module xil_defaultlib.counter_sum
Compiling module xil_defaultlib.counter_hour
Compiling module xil_defaultlib.counter_min
Compiling module xil_defaultlib.counter_second
Compiling module xil_defaultlib.counter
Compiling module xil_defaultlib.normal_sum
Compiling module xil_defaultlib.normal_hour
Compiling module xil_defaultlib.normal_min
Compiling module xil_defaultlib.normal_second
Compiling module xil_defaultlib.normal
Compiling module xil_defaultlib.alarm_hour
Compiling module xil_defaultlib.alarm_min
Compiling module xil_defaultlib.alarm
Compiling module xil_defaultlib.counter_all
Compiling module xil_defaultlib.mux_3to1_hour
Compiling module xil_defaultlib.mux_3to1
Compiling module xil_defaultlib.bin2led7
Compiling module xil_defaultlib.bin2led7_2led_hour
Compiling module xil_defaultlib.bin2led7_2led
Compiling module xil_defaultlib.screen_display
Compiling module xil_defaultlib.led_alarm
Compiling module xil_defaultlib.digital_clock
Compiling module xil_defaultlib.digital_clock_tb
Compiling module xil_defaultlib.glbl
Built simulation snapshot digital_clock_tb_behav
