
*** Running vivado
    with args -log rgb_led.vdi -applog -m64 -product Vivado -messageDb vivado.pb -mode batch -source rgb_led.tcl -notrace


ECHO is off.
ECHO is off.

****** Vivado v2023.2 (64-bit)
  **** SW Build 4029153 on Fri Oct 13 20:14:34 MDT 2023
  **** IP Build 4028589 on Sat Oct 14 00:45:43 MDT 2023
  **** SharedData Build 4025554 on Tue Oct 10 17:18:54 MDT 2023
    ** Copyright 1986-2022 Xilinx, Inc. All Rights Reserved.
    ** Copyright 2022-2023 Advanced Micro Devices, Inc. All Rights Reserved.

source rgb_led.tcl -notrace
create_project: Time (s): cpu = 00:00:07 ; elapsed = 00:00:11 . Memory (MB): peak = 456.777 ; gain = 181.113
Command: link_design -top rgb_led -part xc7z020clg400-1
Design is defaulting to srcset: sources_1
Design is defaulting to constrset: constrs_1
INFO: [Device 21-403] Loading part xc7z020clg400-1
Netlist sorting complete. Time (s): cpu = 00:00:00 ; elapsed = 00:00:00 . Memory (MB): peak = 884.609 ; gain = 0.000
INFO: [Netlist 29-17] Analyzing 7 Unisim elements for replacement
INFO: [Netlist 29-28] Unisim Transformation completed in 0 CPU seconds
INFO: [Project 1-479] Netlist was created with Vivado 2023.2
INFO: [Project 1-570] Preparing netlist for logic optimization
Parsing XDC File [C:/Users/thuyh/Downloads/Arty-Z7-20-Master.xdc]
Finished Parsing XDC File [C:/Users/thuyh/Downloads/Arty-Z7-20-Master.xdc]
INFO: [Opt 31-138] Pushed 0 inverter(s) to 0 load pin(s).
Netlist sorting complete. Time (s): cpu = 00:00:00 ; elapsed = 00:00:00 . Memory (MB): peak = 1020.270 ; gain = 0.000
INFO: [Project 1-111] Unisim Transformation Summary:
No Unisim elements were transformed.

The system cannot find the path specified.
7 Infos, 0 Warnings, 0 Critical Warnings and 0 Errors encountered.
link_design completed successfully
link_design: Time (s): cpu = 00:00:07 ; elapsed = 00:00:09 . Memory (MB): peak = 1024.273 ; gain = 567.496
Command: opt_design
Attempting to get a license for feature 'Implementation' and/or device 'xc7z020'
INFO: [Common 17-349] Got license for feature 'Implementation' and/or device 'xc7z020'
Running DRC as a precondition to command opt_design

Starting DRC Task
INFO: [DRC 23-27] Running DRC with 2 threads
INFO: [Project 1-461] DRC finished with 0 Errors
INFO: [Project 1-462] Please refer to the DRC report (report_drc) for more information.

Time (s): cpu = 00:00:01 ; elapsed = 00:00:01 . Memory (MB): peak = 1044.195 ; gain = 19.922

Starting Cache Timing Information Task
INFO: [Timing 38-35] Done setting XDC timing constraints.
Ending Cache Timing Information Task | Checksum: e9a1a809

Time (s): cpu = 00:00:09 ; elapsed = 00:00:10 . Memory (MB): peak = 1558.195 ; gain = 514.000

Starting Logic Optimization Task

Phase 1 Initialization

Phase 1.1 Core Generation And Design Setup
Phase 1.1 Core Generation And Design Setup | Checksum: e9a1a809

Time (s): cpu = 00:00:00 ; elapsed = 00:00:00.661 . Memory (MB): peak = 1926.648 ; gain = 0.000

Phase 1.2 Setup Constraints And Sort Netlist
Phase 1.2 Setup Constraints And Sort Netlist | Checksum: e9a1a809

Time (s): cpu = 00:00:00 ; elapsed = 00:00:01 . Memory (MB): peak = 1926.648 ; gain = 0.000
Phase 1 Initialization | Checksum: e9a1a809

Time (s): cpu = 00:00:00 ; elapsed = 00:00:01 . Memory (MB): peak = 1926.648 ; gain = 0.000

Phase 2 Timer Update And Timing Data Collection

Phase 2.1 Timer Update
Phase 2.1 Timer Update | Checksum: e9a1a809

Time (s): cpu = 00:00:00 ; elapsed = 00:00:03 . Memory (MB): peak = 1926.648 ; gain = 0.000

Phase 2.2 Timing Data Collection
Phase 2.2 Timing Data Collection | Checksum: e9a1a809

Time (s): cpu = 00:00:00 ; elapsed = 00:00:03 . Memory (MB): peak = 1926.648 ; gain = 0.000
Phase 2 Timer Update And Timing Data Collection | Checksum: e9a1a809

Time (s): cpu = 00:00:00 ; elapsed = 00:00:03 . Memory (MB): peak = 1926.648 ; gain = 0.000

Phase 3 Retarget
INFO: [Opt 31-138] Pushed 0 inverter(s) to 0 load pin(s).
INFO: [Opt 31-49] Retargeted 0 cell(s).
Phase 3 Retarget | Checksum: e9a1a809

Time (s): cpu = 00:00:00 ; elapsed = 00:00:03 . Memory (MB): peak = 1926.648 ; gain = 0.000
Retarget | Checksum: e9a1a809
INFO: [Opt 31-389] Phase Retarget created 0 cells and removed 0 cells

Phase 4 Constant propagation
INFO: [Opt 31-138] Pushed 0 inverter(s) to 0 load pin(s).
Phase 4 Constant propagation | Checksum: e9a1a809

Time (s): cpu = 00:00:00 ; elapsed = 00:00:03 . Memory (MB): peak = 1926.648 ; gain = 0.000
Constant propagation | Checksum: e9a1a809
INFO: [Opt 31-389] Phase Constant propagation created 0 cells and removed 0 cells

Phase 5 Sweep
Phase 5 Sweep | Checksum: 110c785a3

Time (s): cpu = 00:00:00 ; elapsed = 00:00:03 . Memory (MB): peak = 1926.648 ; gain = 0.000
Sweep | Checksum: 110c785a3
INFO: [Opt 31-389] Phase Sweep created 0 cells and removed 0 cells

Phase 6 BUFG optimization
Phase 6 BUFG optimization | Checksum: 110c785a3

Time (s): cpu = 00:00:00 ; elapsed = 00:00:03 . Memory (MB): peak = 1926.648 ; gain = 0.000
BUFG optimization | Checksum: 110c785a3
INFO: [Opt 31-662] Phase BUFG optimization created 0 cells of which 0 are BUFGs and removed 0 cells.

Phase 7 Shift Register Optimization
INFO: [Opt 31-1064] SRL Remap converted 0 SRLs to 0 registers and converted 0 registers of register chains to 0 SRLs
Phase 7 Shift Register Optimization | Checksum: 110c785a3

Time (s): cpu = 00:00:00 ; elapsed = 00:00:03 . Memory (MB): peak = 1926.648 ; gain = 0.000
Shift Register Optimization | Checksum: 110c785a3
INFO: [Opt 31-389] Phase Shift Register Optimization created 0 cells and removed 0 cells

Phase 8 Post Processing Netlist
Phase 8 Post Processing Netlist | Checksum: 110c785a3

Time (s): cpu = 00:00:00 ; elapsed = 00:00:03 . Memory (MB): peak = 1926.648 ; gain = 0.000
Post Processing Netlist | Checksum: 110c785a3
INFO: [Opt 31-389] Phase Post Processing Netlist created 0 cells and removed 0 cells

Phase 9 Finalization

Phase 9.1 Finalizing Design Cores and Updating Shapes
Phase 9.1 Finalizing Design Cores and Updating Shapes | Checksum: c720a353

Time (s): cpu = 00:00:00 ; elapsed = 00:00:03 . Memory (MB): peak = 1926.648 ; gain = 0.000

Phase 9.2 Verifying Netlist Connectivity

Starting Connectivity Check Task

Time (s): cpu = 00:00:00 ; elapsed = 00:00:00.002 . Memory (MB): peak = 1926.648 ; gain = 0.000
Phase 9.2 Verifying Netlist Connectivity | Checksum: c720a353

Time (s): cpu = 00:00:00 ; elapsed = 00:00:03 . Memory (MB): peak = 1926.648 ; gain = 0.000
Phase 9 Finalization | Checksum: c720a353

Time (s): cpu = 00:00:00 ; elapsed = 00:00:03 . Memory (MB): peak = 1926.648 ; gain = 0.000
Opt_design Change Summary
=========================


-------------------------------------------------------------------------------------------------------------------------
|  Phase                        |  #Cells created  |  #Cells Removed  |  #Constrained objects preventing optimizations  |
-------------------------------------------------------------------------------------------------------------------------
|  Retarget                     |               0  |               0  |                                              0  |
|  Constant propagation         |               0  |               0  |                                              0  |
|  Sweep                        |               0  |               0  |                                              0  |
|  BUFG optimization            |               0  |               0  |                                              0  |
|  Shift Register Optimization  |               0  |               0  |                                              0  |
|  Post Processing Netlist      |               0  |               0  |                                              0  |
-------------------------------------------------------------------------------------------------------------------------


Ending Logic Optimization Task | Checksum: c720a353

Time (s): cpu = 00:00:00 ; elapsed = 00:00:03 . Memory (MB): peak = 1926.648 ; gain = 0.000
INFO: [Constraints 18-11670] Building netlist checker database with flags, 0x8
Done building netlist checker database: Time (s): cpu = 00:00:00 ; elapsed = 00:00:00 . Memory (MB): peak = 1926.648 ; gain = 0.000

Starting Power Optimization Task
INFO: [Pwropt 34-132] Skipping clock gating for clocks with a period < 2.00 ns.
Ending Power Optimization Task | Checksum: c720a353

Time (s): cpu = 00:00:00 ; elapsed = 00:00:00.023 . Memory (MB): peak = 1926.648 ; gain = 0.000

Starting Final Cleanup Task
Ending Final Cleanup Task | Checksum: c720a353

Time (s): cpu = 00:00:00 ; elapsed = 00:00:00.001 . Memory (MB): peak = 1926.648 ; gain = 0.000

Starting Netlist Obfuscation Task
Netlist sorting complete. Time (s): cpu = 00:00:00 ; elapsed = 00:00:00 . Memory (MB): peak = 1926.648 ; gain = 0.000
Ending Netlist Obfuscation Task | Checksum: c720a353

Time (s): cpu = 00:00:00 ; elapsed = 00:00:00 . Memory (MB): peak = 1926.648 ; gain = 0.000
INFO: [Common 17-83] Releasing license: Implementation
25 Infos, 0 Warnings, 0 Critical Warnings and 0 Errors encountered.
opt_design completed successfully
opt_design: Time (s): cpu = 00:00:14 ; elapsed = 00:00:19 . Memory (MB): peak = 1926.648 ; gain = 902.375
INFO: [runtcl-4] Executing : report_drc -file rgb_led_drc_opted.rpt -pb rgb_led_drc_opted.pb -rpx rgb_led_drc_opted.rpx
Command: report_drc -file rgb_led_drc_opted.rpt -pb rgb_led_drc_opted.pb -rpx rgb_led_drc_opted.rpx
INFO: [IP_Flow 19-234] Refreshing IP repositories
INFO: [IP_Flow 19-1704] No user IP repositories specified
INFO: [IP_Flow 19-2313] Loaded Vivado IP repository 'C:/Xilinx/Vivado/2023.2/data/ip'.
INFO: [DRC 23-27] Running DRC with 2 threads
INFO: [Vivado_Tcl 2-168] The results of DRC are in file C:/Users/thuyh/OneDrive/Documents/week3_bai1/week3_bai1.runs/impl_1/rgb_led_drc_opted.rpt.
report_drc completed successfully
INFO: [Timing 38-480] Writing timing data to binary archive.
Write ShapeDB Complete: Time (s): cpu = 00:00:00 ; elapsed = 00:00:00.001 . Memory (MB): peak = 1926.648 ; gain = 0.000
Wrote PlaceDB: Time (s): cpu = 00:00:00 ; elapsed = 00:00:00.001 . Memory (MB): peak = 1926.648 ; gain = 0.000
Wrote PulsedLatchDB: Time (s): cpu = 00:00:00 ; elapsed = 00:00:00.001 . Memory (MB): peak = 1926.648 ; gain = 0.000
Writing XDEF routing.
Writing XDEF routing logical nets.
Writing XDEF routing special nets.
Wrote RouteStorage: Time (s): cpu = 00:00:01 ; elapsed = 00:00:00.044 . Memory (MB): peak = 1926.648 ; gain = 0.000
Wrote Netlist Cache: Time (s): cpu = 00:00:00 ; elapsed = 00:00:00 . Memory (MB): peak = 1926.648 ; gain = 0.000
Wrote Device Cache: Time (s): cpu = 00:00:00 ; elapsed = 00:00:00.011 . Memory (MB): peak = 1926.648 ; gain = 0.000
Write Physdb Complete: Time (s): cpu = 00:00:01 ; elapsed = 00:00:00.065 . Memory (MB): peak = 1926.648 ; gain = 0.000
INFO: [Common 17-1381] The checkpoint 'C:/Users/thuyh/OneDrive/Documents/week3_bai1/week3_bai1.runs/impl_1/rgb_led_opt.dcp' has been generated.
Command: place_design
Attempting to get a license for feature 'Implementation' and/or device 'xc7z020'
INFO: [Common 17-349] Got license for feature 'Implementation' and/or device 'xc7z020'
INFO: [Common 17-83] Releasing license: Implementation
INFO: [DRC 23-27] Running DRC with 2 threads
INFO: [Vivado_Tcl 4-198] DRC finished with 0 Errors
INFO: [Vivado_Tcl 4-199] Please refer to the DRC report (report_drc) for more information.
Running DRC as a precondition to command place_design
INFO: [DRC 23-27] Running DRC with 2 threads
INFO: [Vivado_Tcl 4-198] DRC finished with 0 Errors
INFO: [Vivado_Tcl 4-199] Please refer to the DRC report (report_drc) for more information.
INFO: [Place 30-611] Multithreading enabled for place_design using a maximum of 2 CPUs

Starting Placer Task

Phase 1 Placer Initialization

Phase 1.1 Placer Initialization Netlist Sorting
Netlist sorting complete. Time (s): cpu = 00:00:00 ; elapsed = 00:00:00 . Memory (MB): peak = 1926.648 ; gain = 0.000
Phase 1.1 Placer Initialization Netlist Sorting | Checksum: 84394397

Time (s): cpu = 00:00:00 ; elapsed = 00:00:00.010 . Memory (MB): peak = 1926.648 ; gain = 0.000
Netlist sorting complete. Time (s): cpu = 00:00:00 ; elapsed = 00:00:00 . Memory (MB): peak = 1926.648 ; gain = 0.000

Phase 1.2 IO Placement/ Clock Placement/ Build Placer Device
INFO: [Timing 38-35] Done setting XDC timing constraints.
Phase 1.2 IO Placement/ Clock Placement/ Build Placer Device | Checksum: 69bb9681

Time (s): cpu = 00:00:01 ; elapsed = 00:00:00.459 . Memory (MB): peak = 1926.648 ; gain = 0.000

Phase 1.3 Build Placer Netlist Model
Phase 1.3 Build Placer Netlist Model | Checksum: bfd0e89f

Time (s): cpu = 00:00:01 ; elapsed = 00:00:00.639 . Memory (MB): peak = 1926.648 ; gain = 0.000

Phase 1.4 Constrain Clocks/Macros
Phase 1.4 Constrain Clocks/Macros | Checksum: bfd0e89f

Time (s): cpu = 00:00:01 ; elapsed = 00:00:00.643 . Memory (MB): peak = 1926.648 ; gain = 0.000
Phase 1 Placer Initialization | Checksum: bfd0e89f

Time (s): cpu = 00:00:01 ; elapsed = 00:00:00.655 . Memory (MB): peak = 1926.648 ; gain = 0.000

Phase 2 Global Placement

Phase 2.1 Floorplanning
Phase 2.1 Floorplanning | Checksum: ff178192

Time (s): cpu = 00:00:01 ; elapsed = 00:00:00.765 . Memory (MB): peak = 1926.648 ; gain = 0.000

Phase 2.2 Update Timing before SLR Path Opt
Phase 2.2 Update Timing before SLR Path Opt | Checksum: 752fd31c

Time (s): cpu = 00:00:01 ; elapsed = 00:00:00.837 . Memory (MB): peak = 1926.648 ; gain = 0.000

Phase 2.3 Post-Processing in Floorplanning
Phase 2.3 Post-Processing in Floorplanning | Checksum: 752fd31c

Time (s): cpu = 00:00:01 ; elapsed = 00:00:00.842 . Memory (MB): peak = 1926.648 ; gain = 0.000

Phase 2.4 Global Placement Core

Phase 2.4.1 UpdateTiming Before Physical Synthesis
Phase 2.4.1 UpdateTiming Before Physical Synthesis | Checksum: b46022ef

Time (s): cpu = 00:00:02 ; elapsed = 00:00:02 . Memory (MB): peak = 1926.648 ; gain = 0.000

Phase 2.4.2 Physical Synthesis In Placer
INFO: [Physopt 32-1044] Break lutnm for timing: one critical 0, two critical 0, total 0, new lutff created 0
INFO: [Physopt 32-1138] End 1 Pass. Optimized 0 net or LUT. Breaked 0 LUT, combined 0 existing LUT and moved 0 existing LUT
INFO: [Physopt 32-65] No nets found for high-fanout optimization.
INFO: [Physopt 32-232] Optimized 0 net. Created 0 new instance.
INFO: [Physopt 32-775] End 1 Pass. Optimized 0 net or cell. Created 0 new cell, deleted 0 existing cell and moved 0 existing cell
INFO: [Physopt 32-670] No setup violation found.  DSP Register Optimization was not performed.
INFO: [Physopt 32-670] No setup violation found.  Shift Register to Pipeline Optimization was not performed.
INFO: [Physopt 32-670] No setup violation found.  Shift Register Optimization was not performed.
INFO: [Physopt 32-670] No setup violation found.  BRAM Register Optimization was not performed.
INFO: [Physopt 32-670] No setup violation found.  URAM Register Optimization was not performed.
INFO: [Physopt 32-949] No candidate nets found for dynamic/static region interface net replication
INFO: [Physopt 32-775] End 1 Pass. Optimized 0 net or cell. Created 0 new cell, deleted 0 existing cell and moved 0 existing cell
Netlist sorting complete. Time (s): cpu = 00:00:00 ; elapsed = 00:00:00.001 . Memory (MB): peak = 1926.648 ; gain = 0.000

Summary of Physical Synthesis Optimizations
============================================


-----------------------------------------------------------------------------------------------------------------------------------------------------------
|  Optimization                                     |  Added Cells  |  Removed Cells  |  Optimized Cells/Nets  |  Dont Touch  |  Iterations  |  Elapsed   |
-----------------------------------------------------------------------------------------------------------------------------------------------------------
|  LUT Combining                                    |            0  |              0  |                     0  |           0  |           1  |  00:00:00  |
|  Retime                                           |            0  |              0  |                     0  |           0  |           1  |  00:00:00  |
|  Very High Fanout                                 |            0  |              0  |                     0  |           0  |           1  |  00:00:00  |
|  DSP Register                                     |            0  |              0  |                     0  |           0  |           0  |  00:00:00  |
|  Shift Register to Pipeline                       |            0  |              0  |                     0  |           0  |           0  |  00:00:00  |
|  Shift Register                                   |            0  |              0  |                     0  |           0  |           0  |  00:00:00  |
|  BRAM Register                                    |            0  |              0  |                     0  |           0  |           0  |  00:00:00  |
|  URAM Register                                    |            0  |              0  |                     0  |           0  |           0  |  00:00:00  |
|  Dynamic/Static Region Interface Net Replication  |            0  |              0  |                     0  |           0  |           1  |  00:00:00  |
|  Total                                            |            0  |              0  |                     0  |           0  |           4  |  00:00:00  |
-----------------------------------------------------------------------------------------------------------------------------------------------------------


Phase 2.4.2 Physical Synthesis In Placer | Checksum: b46022ef

Time (s): cpu = 00:00:02 ; elapsed = 00:00:02 . Memory (MB): peak = 1926.648 ; gain = 0.000
Phase 2.4 Global Placement Core | Checksum: ef7609c8

Time (s): cpu = 00:00:02 ; elapsed = 00:00:02 . Memory (MB): peak = 1926.648 ; gain = 0.000
Phase 2 Global Placement | Checksum: ef7609c8

Time (s): cpu = 00:00:02 ; elapsed = 00:00:02 . Memory (MB): peak = 1926.648 ; gain = 0.000

Phase 3 Detail Placement

Phase 3.1 Commit Multi Column Macros
Phase 3.1 Commit Multi Column Macros | Checksum: 7fad93cb

Time (s): cpu = 00:00:02 ; elapsed = 00:00:02 . Memory (MB): peak = 1926.648 ; gain = 0.000

Phase 3.2 Commit Most Macros & LUTRAMs
Phase 3.2 Commit Most Macros & LUTRAMs | Checksum: 10ae3c65e

Time (s): cpu = 00:00:02 ; elapsed = 00:00:02 . Memory (MB): peak = 1926.648 ; gain = 0.000

Phase 3.3 Area Swap Optimization
Phase 3.3 Area Swap Optimization | Checksum: 8f4df1b0

Time (s): cpu = 00:00:02 ; elapsed = 00:00:02 . Memory (MB): peak = 1926.648 ; gain = 0.000

Phase 3.4 Pipeline Register Optimization
Phase 3.4 Pipeline Register Optimization | Checksum: 8fc71127

Time (s): cpu = 00:00:02 ; elapsed = 00:00:02 . Memory (MB): peak = 1926.648 ; gain = 0.000

Phase 3.5 Small Shape Detail Placement
Phase 3.5 Small Shape Detail Placement | Checksum: 2affbdd9

Time (s): cpu = 00:00:02 ; elapsed = 00:00:02 . Memory (MB): peak = 1926.648 ; gain = 0.000

Phase 3.6 Re-assign LUT pins
Phase 3.6 Re-assign LUT pins | Checksum: 10c23f102

Time (s): cpu = 00:00:02 ; elapsed = 00:00:02 . Memory (MB): peak = 1926.648 ; gain = 0.000

Phase 3.7 Pipeline Register Optimization
Phase 3.7 Pipeline Register Optimization | Checksum: 11b9eef79

Time (s): cpu = 00:00:02 ; elapsed = 00:00:02 . Memory (MB): peak = 1926.648 ; gain = 0.000
Phase 3 Detail Placement | Checksum: 11b9eef79

Time (s): cpu = 00:00:02 ; elapsed = 00:00:02 . Memory (MB): peak = 1926.648 ; gain = 0.000

Phase 4 Post Placement Optimization and Clean-Up

Phase 4.1 Post Commit Optimization
INFO: [Timing 38-35] Done setting XDC timing constraints.

Phase 4.1.1 Post Placement Optimization
Post Placement Optimization Initialization | Checksum: 18b7f2ef7

Phase 4.1.1.1 BUFG Insertion

Starting Physical Synthesis Task

Phase 1 Physical Synthesis Initialization
INFO: [Physopt 32-721] Multithreading enabled for phys_opt_design using a maximum of 2 CPUs
INFO: [Physopt 32-619] Estimated Timing Summary | WNS=4.153 | TNS=0.000 |
Phase 1 Physical Synthesis Initialization | Checksum: 19d6d1a23

Time (s): cpu = 00:00:00 ; elapsed = 00:00:00.018 . Memory (MB): peak = 1928.473 ; gain = 0.000
INFO: [Place 46-56] BUFG insertion identified 0 candidate nets. Inserted BUFG: 0, Replicated BUFG Driver: 0, Skipped due to Placement/Routing Conflicts: 0, Skipped due to Timing Degradation: 0, Skipped due to netlist editing failed: 0.
Ending Physical Synthesis Task | Checksum: 19d6d1a23

Time (s): cpu = 00:00:00 ; elapsed = 00:00:00.021 . Memory (MB): peak = 1928.473 ; gain = 0.000
Phase 4.1.1.1 BUFG Insertion | Checksum: 18b7f2ef7

Time (s): cpu = 00:00:02 ; elapsed = 00:00:02 . Memory (MB): peak = 1928.473 ; gain = 1.824

Phase 4.1.1.2 Post Placement Timing Optimization
INFO: [Place 30-746] Post Placement Timing Summary WNS=4.153. For the most accurate timing information please run report_timing.
Phase 4.1.1.2 Post Placement Timing Optimization | Checksum: 1cbbad528

Time (s): cpu = 00:00:02 ; elapsed = 00:00:02 . Memory (MB): peak = 1928.473 ; gain = 1.824

Time (s): cpu = 00:00:02 ; elapsed = 00:00:02 . Memory (MB): peak = 1928.473 ; gain = 1.824
Phase 4.1 Post Commit Optimization | Checksum: 1cbbad528

Time (s): cpu = 00:00:02 ; elapsed = 00:00:02 . Memory (MB): peak = 1928.473 ; gain = 1.824

Phase 4.2 Post Placement Cleanup
Phase 4.2 Post Placement Cleanup | Checksum: 1cbbad528

Time (s): cpu = 00:00:02 ; elapsed = 00:00:02 . Memory (MB): peak = 1928.473 ; gain = 1.824

Phase 4.3 Placer Reporting

Phase 4.3.1 Print Estimated Congestion
INFO: [Place 30-612] Post-Placement Estimated Congestion 
 ____________________________________________________
|           | Global Congestion | Short Congestion  |
| Direction | Region Size       | Region Size       |
|___________|___________________|___________________|
|      North|                1x1|                1x1|
|___________|___________________|___________________|
|      South|                1x1|                1x1|
|___________|___________________|___________________|
|       East|                1x1|                1x1|
|___________|___________________|___________________|
|       West|                1x1|                1x1|
|___________|___________________|___________________|

Phase 4.3.1 Print Estimated Congestion | Checksum: 1cbbad528

Time (s): cpu = 00:00:02 ; elapsed = 00:00:02 . Memory (MB): peak = 1928.473 ; gain = 1.824
Phase 4.3 Placer Reporting | Checksum: 1cbbad528

Time (s): cpu = 00:00:02 ; elapsed = 00:00:02 . Memory (MB): peak = 1928.473 ; gain = 1.824

Phase 4.4 Final Placement Cleanup
Netlist sorting complete. Time (s): cpu = 00:00:00 ; elapsed = 00:00:00 . Memory (MB): peak = 1928.473 ; gain = 0.000

Time (s): cpu = 00:00:02 ; elapsed = 00:00:02 . Memory (MB): peak = 1928.473 ; gain = 1.824
Phase 4 Post Placement Optimization and Clean-Up | Checksum: 1cfcb7978

Time (s): cpu = 00:00:02 ; elapsed = 00:00:02 . Memory (MB): peak = 1928.473 ; gain = 1.824
Ending Placer Task | Checksum: 15e965eb7

Time (s): cpu = 00:00:02 ; elapsed = 00:00:02 . Memory (MB): peak = 1928.473 ; gain = 1.824
61 Infos, 0 Warnings, 0 Critical Warnings and 0 Errors encountered.
place_design completed successfully
INFO: [runtcl-4] Executing : report_io -file rgb_led_io_placed.rpt
report_io: Time (s): cpu = 00:00:00 ; elapsed = 00:00:00.063 . Memory (MB): peak = 1928.473 ; gain = 0.000
INFO: [runtcl-4] Executing : report_utilization -file rgb_led_utilization_placed.rpt -pb rgb_led_utilization_placed.pb
INFO: [runtcl-4] Executing : report_control_sets -verbose -file rgb_led_control_sets_placed.rpt
report_control_sets: Time (s): cpu = 00:00:00 ; elapsed = 00:00:00.002 . Memory (MB): peak = 1928.473 ; gain = 0.000
INFO: [Timing 38-480] Writing timing data to binary archive.
Write ShapeDB Complete: Time (s): cpu = 00:00:00 ; elapsed = 00:00:00.001 . Memory (MB): peak = 1928.539 ; gain = 0.000
Wrote PlaceDB: Time (s): cpu = 00:00:00 ; elapsed = 00:00:00.010 . Memory (MB): peak = 1928.602 ; gain = 0.062
Wrote PulsedLatchDB: Time (s): cpu = 00:00:00 ; elapsed = 00:00:00 . Memory (MB): peak = 1928.602 ; gain = 0.000
Writing XDEF routing.
Writing XDEF routing logical nets.
Writing XDEF routing special nets.
Wrote RouteStorage: Time (s): cpu = 00:00:00 ; elapsed = 00:00:00.036 . Memory (MB): peak = 1928.602 ; gain = 0.000
Wrote Netlist Cache: Time (s): cpu = 00:00:00 ; elapsed = 00:00:00 . Memory (MB): peak = 1928.602 ; gain = 0.000
Wrote Device Cache: Time (s): cpu = 00:00:00 ; elapsed = 00:00:00.018 . Memory (MB): peak = 1928.602 ; gain = 0.000
Write Physdb Complete: Time (s): cpu = 00:00:00 ; elapsed = 00:00:00.075 . Memory (MB): peak = 1928.602 ; gain = 0.062
INFO: [Common 17-1381] The checkpoint 'C:/Users/thuyh/OneDrive/Documents/week3_bai1/week3_bai1.runs/impl_1/rgb_led_placed.dcp' has been generated.
Command: phys_opt_design
Attempting to get a license for feature 'Implementation' and/or device 'xc7z020'
INFO: [Common 17-349] Got license for feature 'Implementation' and/or device 'xc7z020'

Starting Initial Update Timing Task

Time (s): cpu = 00:00:00 ; elapsed = 00:00:00.024 . Memory (MB): peak = 1930.992 ; gain = 2.391
INFO: [Vivado_Tcl 4-383] Design worst setup slack (WNS) is greater than or equal to 0.000 ns. Skipping all physical synthesis optimizations.
INFO: [Vivado_Tcl 4-232] No setup violation found. The netlist was not modified.
INFO: [Common 17-83] Releasing license: Implementation
70 Infos, 0 Warnings, 0 Critical Warnings and 0 Errors encountered.
phys_opt_design completed successfully
INFO: [Timing 38-480] Writing timing data to binary archive.
Write ShapeDB Complete: Time (s): cpu = 00:00:00 ; elapsed = 00:00:00.002 . Memory (MB): peak = 1948.844 ; gain = 0.039
Wrote PlaceDB: Time (s): cpu = 00:00:00 ; elapsed = 00:00:00.008 . Memory (MB): peak = 1948.844 ; gain = 0.000
Wrote PulsedLatchDB: Time (s): cpu = 00:00:00 ; elapsed = 00:00:00 . Memory (MB): peak = 1948.844 ; gain = 0.000
Writing XDEF routing.
Writing XDEF routing logical nets.
Writing XDEF routing special nets.
Wrote RouteStorage: Time (s): cpu = 00:00:00 ; elapsed = 00:00:00.033 . Memory (MB): peak = 1948.844 ; gain = 0.000
Wrote Netlist Cache: Time (s): cpu = 00:00:00 ; elapsed = 00:00:00 . Memory (MB): peak = 1948.844 ; gain = 0.000
Wrote Device Cache: Time (s): cpu = 00:00:00 ; elapsed = 00:00:00.012 . Memory (MB): peak = 1948.844 ; gain = 0.000
Write Physdb Complete: Time (s): cpu = 00:00:00 ; elapsed = 00:00:00.062 . Memory (MB): peak = 1948.844 ; gain = 0.039
INFO: [Common 17-1381] The checkpoint 'C:/Users/thuyh/OneDrive/Documents/week3_bai1/week3_bai1.runs/impl_1/rgb_led_physopt.dcp' has been generated.
Command: route_design
Attempting to get a license for feature 'Implementation' and/or device 'xc7z020'
INFO: [Common 17-349] Got license for feature 'Implementation' and/or device 'xc7z020'
Running DRC as a precondition to command route_design
INFO: [DRC 23-27] Running DRC with 2 threads
INFO: [Vivado_Tcl 4-198] DRC finished with 0 Errors
INFO: [Vivado_Tcl 4-199] Please refer to the DRC report (report_drc) for more information.


Starting Routing Task
INFO: [Route 35-254] Multithreading enabled for route_design using a maximum of 8 CPUs

Phase 1 Build RT Design
Checksum: PlaceDB: f8f0070b ConstDB: 0 ShapeSum: 65a657ac RouteDB: 0
Post Restoration Checksum: NetGraph: cf792d2c | NumContArr: b4238dc5 | Constraints: c2a8fa9d | Timing: c2a8fa9d
Phase 1 Build RT Design | Checksum: 308eeb02b

Time (s): cpu = 00:00:44 ; elapsed = 00:01:08 . Memory (MB): peak = 2070.395 ; gain = 112.434

Phase 2 Router Initialization

Phase 2.1 Fix Topology Constraints
Phase 2.1 Fix Topology Constraints | Checksum: 308eeb02b

Time (s): cpu = 00:00:44 ; elapsed = 00:01:08 . Memory (MB): peak = 2070.395 ; gain = 112.434

Phase 2.2 Pre Route Cleanup
Phase 2.2 Pre Route Cleanup | Checksum: 308eeb02b

Time (s): cpu = 00:00:44 ; elapsed = 00:01:08 . Memory (MB): peak = 2070.395 ; gain = 112.434
 Number of Nodes with overlaps = 0

Phase 2.3 Update Timing
Phase 2.3 Update Timing | Checksum: 25bbf9111

Time (s): cpu = 00:00:44 ; elapsed = 00:01:09 . Memory (MB): peak = 2140.164 ; gain = 182.203
INFO: [Route 35-416] Intermediate Timing Summary | WNS=4.071  | TNS=0.000  | WHS=-0.048 | THS=-0.326 |


Router Utilization Summary
  Global Vertical Routing Utilization    = 0 %
  Global Horizontal Routing Utilization  = 0 %
  Routable Net Status*
  *Does not include unroutable nets such as driverless and loadless.
  Run report_route_status for detailed report.
  Number of Failed Nets               = 41
    (Failed Nets is the sum of unrouted and partially routed nets)
  Number of Unrouted Nets             = 41
  Number of Partially Routed Nets     = 0
  Number of Node Overlaps             = 0

Phase 2 Router Initialization | Checksum: 26d10fb6c

Time (s): cpu = 00:00:45 ; elapsed = 00:01:09 . Memory (MB): peak = 2149.348 ; gain = 191.387

Phase 3 Initial Routing

Phase 3.1 Global Routing
Phase 3.1 Global Routing | Checksum: 26d10fb6c

Time (s): cpu = 00:00:45 ; elapsed = 00:01:09 . Memory (MB): peak = 2149.348 ; gain = 191.387

Phase 3.2 Initial Net Routing
Phase 3.2 Initial Net Routing | Checksum: 284402fdf

Time (s): cpu = 00:00:45 ; elapsed = 00:01:09 . Memory (MB): peak = 2149.348 ; gain = 191.387
Phase 3 Initial Routing | Checksum: 284402fdf

Time (s): cpu = 00:00:45 ; elapsed = 00:01:09 . Memory (MB): peak = 2149.348 ; gain = 191.387

Phase 4 Rip-up And Reroute

Phase 4.1 Global Iteration 0
 Number of Nodes with overlaps = 1
 Number of Nodes with overlaps = 0
INFO: [Route 35-416] Intermediate Timing Summary | WNS=3.792  | TNS=0.000  | WHS=N/A    | THS=N/A    |

Phase 4.1 Global Iteration 0 | Checksum: 2e937c143

Time (s): cpu = 00:00:45 ; elapsed = 00:01:09 . Memory (MB): peak = 2149.348 ; gain = 191.387
Phase 4 Rip-up And Reroute | Checksum: 2e937c143

Time (s): cpu = 00:00:45 ; elapsed = 00:01:09 . Memory (MB): peak = 2149.348 ; gain = 191.387

Phase 5 Delay and Skew Optimization

Phase 5.1 Delay CleanUp
Phase 5.1 Delay CleanUp | Checksum: 2e937c143

Time (s): cpu = 00:00:45 ; elapsed = 00:01:09 . Memory (MB): peak = 2149.348 ; gain = 191.387

Phase 5.2 Clock Skew Optimization
Phase 5.2 Clock Skew Optimization | Checksum: 2e937c143

Time (s): cpu = 00:00:45 ; elapsed = 00:01:09 . Memory (MB): peak = 2149.348 ; gain = 191.387
Phase 5 Delay and Skew Optimization | Checksum: 2e937c143

Time (s): cpu = 00:00:45 ; elapsed = 00:01:09 . Memory (MB): peak = 2149.348 ; gain = 191.387

Phase 6 Post Hold Fix

Phase 6.1 Hold Fix Iter

Phase 6.1.1 Update Timing
Phase 6.1.1 Update Timing | Checksum: 2d0601fe4

Time (s): cpu = 00:00:45 ; elapsed = 00:01:09 . Memory (MB): peak = 2149.348 ; gain = 191.387
INFO: [Route 35-416] Intermediate Timing Summary | WNS=3.963  | TNS=0.000  | WHS=0.224  | THS=0.000  |

Phase 6.1 Hold Fix Iter | Checksum: 2d0601fe4

Time (s): cpu = 00:00:45 ; elapsed = 00:01:09 . Memory (MB): peak = 2149.348 ; gain = 191.387
Phase 6 Post Hold Fix | Checksum: 2d0601fe4

Time (s): cpu = 00:00:45 ; elapsed = 00:01:09 . Memory (MB): peak = 2149.348 ; gain = 191.387

Phase 7 Route finalize

Router Utilization Summary
  Global Vertical Routing Utilization    = 0.00165683 %
  Global Horizontal Routing Utilization  = 0.00185936 %
  Routable Net Status*
  *Does not include unroutable nets such as driverless and loadless.
  Run report_route_status for detailed report.
  Number of Failed Nets               = 0
    (Failed Nets is the sum of unrouted and partially routed nets)
  Number of Unrouted Nets             = 0
  Number of Partially Routed Nets     = 0
  Number of Node Overlaps             = 0

Phase 7 Route finalize | Checksum: 2d0601fe4

Time (s): cpu = 00:00:45 ; elapsed = 00:01:09 . Memory (MB): peak = 2149.348 ; gain = 191.387

Phase 8 Verifying routed nets

 Verification completed successfully
Phase 8 Verifying routed nets | Checksum: 2d0601fe4

Time (s): cpu = 00:00:45 ; elapsed = 00:01:09 . Memory (MB): peak = 2149.348 ; gain = 191.387

Phase 9 Depositing Routes
Phase 9 Depositing Routes | Checksum: 3029ed948

Time (s): cpu = 00:00:45 ; elapsed = 00:01:09 . Memory (MB): peak = 2149.348 ; gain = 191.387

Phase 10 Post Router Timing
INFO: [Route 35-57] Estimated Timing Summary | WNS=3.963  | TNS=0.000  | WHS=0.224  | THS=0.000  |

INFO: [Route 35-327] The final timing numbers are based on the router estimated timing analysis. For a complete and accurate timing signoff, please run report_timing_summary.
Phase 10 Post Router Timing | Checksum: 3029ed948

Time (s): cpu = 00:00:45 ; elapsed = 00:01:09 . Memory (MB): peak = 2149.348 ; gain = 191.387
INFO: [Route 35-16] Router Completed Successfully

Phase 11 Post-Route Event Processing
Phase 11 Post-Route Event Processing | Checksum: 11ca492b4

Time (s): cpu = 00:00:45 ; elapsed = 00:01:09 . Memory (MB): peak = 2149.348 ; gain = 191.387
Ending Routing Task | Checksum: 11ca492b4

Time (s): cpu = 00:00:45 ; elapsed = 00:01:09 . Memory (MB): peak = 2149.348 ; gain = 191.387

Routing Is Done.
INFO: [Common 17-83] Releasing license: Implementation
84 Infos, 0 Warnings, 0 Critical Warnings and 0 Errors encountered.
route_design completed successfully
route_design: Time (s): cpu = 00:00:46 ; elapsed = 00:01:11 . Memory (MB): peak = 2149.348 ; gain = 200.504
INFO: [runtcl-4] Executing : report_drc -file rgb_led_drc_routed.rpt -pb rgb_led_drc_routed.pb -rpx rgb_led_drc_routed.rpx
Command: report_drc -file rgb_led_drc_routed.rpt -pb rgb_led_drc_routed.pb -rpx rgb_led_drc_routed.rpx
INFO: [IP_Flow 19-1839] IP Catalog is up to date.
INFO: [DRC 23-27] Running DRC with 2 threads
INFO: [Vivado_Tcl 2-168] The results of DRC are in file C:/Users/thuyh/OneDrive/Documents/week3_bai1/week3_bai1.runs/impl_1/rgb_led_drc_routed.rpt.
report_drc completed successfully
INFO: [runtcl-4] Executing : report_methodology -file rgb_led_methodology_drc_routed.rpt -pb rgb_led_methodology_drc_routed.pb -rpx rgb_led_methodology_drc_routed.rpx
Command: report_methodology -file rgb_led_methodology_drc_routed.rpt -pb rgb_led_methodology_drc_routed.pb -rpx rgb_led_methodology_drc_routed.rpx
INFO: [Timing 38-35] Done setting XDC timing constraints.
INFO: [DRC 23-133] Running Methodology with 2 threads
INFO: [Vivado_Tcl 2-1520] The results of Report Methodology are in file C:/Users/thuyh/OneDrive/Documents/week3_bai1/week3_bai1.runs/impl_1/rgb_led_methodology_drc_routed.rpt.
report_methodology completed successfully
INFO: [runtcl-4] Executing : report_power -file rgb_led_power_routed.rpt -pb rgb_led_power_summary_routed.pb -rpx rgb_led_power_routed.rpx
Command: report_power -file rgb_led_power_routed.rpt -pb rgb_led_power_summary_routed.pb -rpx rgb_led_power_routed.rpx
INFO: [Timing 38-35] Done setting XDC timing constraints.
Running Vector-less Activity Propagation...

Finished Running Vector-less Activity Propagation
94 Infos, 0 Warnings, 0 Critical Warnings and 0 Errors encountered.
report_power completed successfully
INFO: [runtcl-4] Executing : report_route_status -file rgb_led_route_status.rpt -pb rgb_led_route_status.pb
INFO: [runtcl-4] Executing : report_timing_summary -max_paths 10 -report_unconstrained -file rgb_led_timing_summary_routed.rpt -pb rgb_led_timing_summary_routed.pb -rpx rgb_led_timing_summary_routed.rpx -warn_on_violation 
INFO: [Timing 38-91] UpdateTimingParams: Speed grade: -1, Delay Type: min_max.
INFO: [Timing 38-191] Multithreading enabled for timing update using a maximum of 2 CPUs
INFO: [runtcl-4] Executing : report_incremental_reuse -file rgb_led_incremental_reuse_routed.rpt
INFO: [Vivado_Tcl 4-1062] Incremental flow is disabled. No incremental reuse Info to report.
INFO: [runtcl-4] Executing : report_clock_utilization -file rgb_led_clock_utilization_routed.rpt
INFO: [runtcl-4] Executing : report_bus_skew -warn_on_violation -file rgb_led_bus_skew_routed.rpt -pb rgb_led_bus_skew_routed.pb -rpx rgb_led_bus_skew_routed.rpx
INFO: [Timing 38-91] UpdateTimingParams: Speed grade: -1, Delay Type: min_max.
INFO: [Timing 38-191] Multithreading enabled for timing update using a maximum of 2 CPUs
INFO: [Timing 38-480] Writing timing data to binary archive.
Write ShapeDB Complete: Time (s): cpu = 00:00:00 ; elapsed = 00:00:00.002 . Memory (MB): peak = 2149.348 ; gain = 0.000
Wrote PlaceDB: Time (s): cpu = 00:00:00 ; elapsed = 00:00:00.020 . Memory (MB): peak = 2149.348 ; gain = 0.000
Wrote PulsedLatchDB: Time (s): cpu = 00:00:00 ; elapsed = 00:00:00 . Memory (MB): peak = 2149.348 ; gain = 0.000
Writing XDEF routing.
Writing XDEF routing logical nets.
Writing XDEF routing special nets.
Wrote RouteStorage: Time (s): cpu = 00:00:00 ; elapsed = 00:00:00.088 . Memory (MB): peak = 2149.348 ; gain = 0.000
Wrote Netlist Cache: Time (s): cpu = 00:00:00 ; elapsed = 00:00:00 . Memory (MB): peak = 2149.348 ; gain = 0.000
Wrote Device Cache: Time (s): cpu = 00:00:01 ; elapsed = 00:00:00.022 . Memory (MB): peak = 2149.348 ; gain = 0.000
Write Physdb Complete: Time (s): cpu = 00:00:01 ; elapsed = 00:00:00.147 . Memory (MB): peak = 2149.348 ; gain = 0.000
INFO: [Common 17-1381] The checkpoint 'C:/Users/thuyh/OneDrive/Documents/week3_bai1/week3_bai1.runs/impl_1/rgb_led_routed.dcp' has been generated.
Command: write_bitstream -force rgb_led.bit
Attempting to get a license for feature 'Implementation' and/or device 'xc7z020'
INFO: [Common 17-349] Got license for feature 'Implementation' and/or device 'xc7z020'
Running DRC as a precondition to command write_bitstream
INFO: [IP_Flow 19-1839] IP Catalog is up to date.
INFO: [DRC 23-27] Running DRC with 2 threads
WARNING: [DRC ZPS7-1] PS7 block required: The PS7 cell must be used in this Zynq design in order to enable correct default configuration.
INFO: [Vivado 12-3199] DRC finished with 0 Errors, 1 Warnings
INFO: [Vivado 12-3200] Please refer to the DRC report (report_drc) for more information.
INFO: [Designutils 20-2272] Running write_bitstream with 2 threads.
Loading data files...
Loading site data...
Loading route data...
Processing options...
Creating bitmap...
Creating bitstream...
Writing bitstream ./rgb_led.bit...
INFO: [Vivado 12-1842] Bitgen Completed Successfully.
INFO: [Project 1-1876] WebTalk data collection is mandatory when using a ULT device. To see the specific WebTalk data collected for your design, open the usage_statistics_webtalk.html or usage_statistics_webtalk.xml file in the implementation directory.
INFO: [Common 17-83] Releasing license: Implementation
14 Infos, 1 Warnings, 0 Critical Warnings and 0 Errors encountered.
write_bitstream completed successfully
write_bitstream: Time (s): cpu = 00:00:12 ; elapsed = 00:00:17 . Memory (MB): peak = 2532.832 ; gain = 383.484
INFO: [Common 17-206] Exiting Vivado at Sat May 25 14:33:05 2024...
